TN:
SF:src/App.tsx
FN:6,App
FNF:1
FNH:1
FNDA:2,App
DA:1,1
DA:2,1
DA:3,1
DA:4,1
DA:7,2
DA:16,1
LF:6
LH:6
BRF:0
BRH:0
end_of_record
TN:
SF:src/context.tsx
FN:34,(anonymous_0)
FN:36,(anonymous_1)
FN:38,(anonymous_2)
FN:40,(anonymous_3)
FN:43,(anonymous_4)
FN:46,(anonymous_5)
FN:50,(anonymous_6)
FN:54,(anonymous_7)
FN:78,(anonymous_8)
FNF:9
FNH:5
FNDA:0,(anonymous_0)
FNDA:0,(anonymous_1)
FNDA:0,(anonymous_2)
FNDA:0,(anonymous_3)
FNDA:1,(anonymous_4)
FNDA:1,(anonymous_5)
FNDA:1,(anonymous_6)
FNDA:1,(anonymous_7)
FNDA:28,(anonymous_8)
DA:2,5
DA:3,5
DA:17,5
DA:25,5
DA:32,5
DA:34,0
DA:43,5
DA:46,1
DA:47,1
DA:48,1
DA:50,1
DA:51,1
DA:52,1
DA:54,1
DA:55,1
DA:56,1
DA:58,1
DA:60,1
DA:78,5
DA:79,28
DA:80,22
DA:81,0
DA:83,22
LF:23
LH:21
BRDA:48,0,0,1
BRDA:48,0,1,1
BRDA:80,1,0,0
BRF:3
BRH:2
end_of_record
TN:
SF:src/components/ApiHelper/ApiHelper.tsx
FN:1,(anonymous_0)
FN:20,(anonymous_1)
FNF:2
FNH:1
FNDA:1,(anonymous_0)
FNDA:0,(anonymous_1)
DA:1,3
DA:7,1
DA:8,0
DA:9,0
DA:11,1
DA:13,1
DA:14,0
DA:15,0
DA:17,0
DA:20,3
DA:21,0
DA:23,0
DA:24,0
DA:25,0
DA:27,0
LF:15
LH:5
BRDA:7,0,0,0
BRDA:7,0,1,1
BRDA:14,1,0,0
BRDA:24,2,0,0
BRF:4
BRH:1
end_of_record
TN:
SF:src/components/Card/Card.tsx
FN:4,Card
FNF:1
FNH:1
FNDA:16,Card
DA:1,4
DA:5,16
DA:6,16
DA:22,4
LF:4
LH:4
BRF:0
BRH:0
end_of_record
TN:
SF:src/components/CardDetailed/CardDetailed.tsx
FN:6,ProductDetails
FN:16,(anonymous_2)
FN:18,(anonymous_3)
FN:20,(anonymous_4)
FN:24,(anonymous_5)
FN:31,(anonymous_6)
FNF:6
FNH:0
FNDA:0,ProductDetails
FNDA:0,(anonymous_2)
FNDA:0,(anonymous_3)
FNDA:0,(anonymous_4)
FNDA:0,(anonymous_5)
FNDA:0,(anonymous_6)
DA:1,1
DA:2,1
DA:3,1
DA:7,0
DA:8,0
DA:9,0
DA:11,0
DA:12,0
DA:13,0
DA:14,0
DA:16,0
DA:17,0
DA:18,0
DA:21,0
DA:22,0
DA:25,0
DA:26,0
DA:31,0
DA:32,0
DA:33,0
DA:51,0
DA:66,1
LF:22
LH:4
BRDA:55,0,0,0
BRDA:55,0,1,0
BRDA:61,1,0,0
BRDA:61,1,1,0
BRDA:61,2,0,0
BRDA:61,2,1,0
BRF:6
BRH:0
end_of_record
TN:
SF:src/components/CardList/CardList.tsx
FN:9,Catalog
FN:22,(anonymous_2)
FN:25,fetchAllData
FN:47,(anonymous_4)
FN:60,(anonymous_5)
FNF:5
FNH:5
FNDA:6,Catalog
FNDA:3,(anonymous_2)
FNDA:3,fetchAllData
FNDA:3,(anonymous_4)
FNDA:15,(anonymous_5)
DA:1,3
DA:2,3
DA:3,3
DA:5,3
DA:6,3
DA:7,3
DA:10,6
DA:11,6
DA:13,6
DA:15,6
DA:16,6
DA:19,6
DA:20,6
DA:22,6
DA:23,3
DA:26,3
DA:27,3
DA:28,3
DA:29,3
DA:34,2
DA:35,2
DA:36,2
DA:37,2
DA:40,1
DA:41,1
DA:45,3
DA:47,3
DA:48,3
DA:52,6
DA:53,3
DA:55,3
DA:56,0
DA:58,3
DA:61,15
DA:75,3
LF:35
LH:34
BRDA:16,0,0,0
BRDA:16,0,1,6
BRDA:31,1,0,0
BRDA:31,1,1,3
BRDA:32,2,0,0
BRDA:32,2,1,3
BRDA:35,3,0,2
BRDA:52,4,0,3
BRDA:55,5,0,0
BRDA:55,5,1,3
BRDA:63,6,0,0
BRDA:63,6,1,15
BRDA:64,7,0,0
BRDA:64,7,1,15
BRDA:65,8,0,0
BRDA:65,8,1,15
BRF:16
BRH:9
end_of_record
TN:
SF:src/components/ChooseLimit/ChooseLimit.tsx
FN:6,(anonymous_1)
FN:18,(anonymous_2)
FN:28,(anonymous_3)
FNF:3
FNH:1
FNDA:6,(anonymous_1)
FNDA:0,(anonymous_2)
FNDA:0,(anonymous_3)
DA:1,3
DA:2,3
DA:3,3
DA:4,3
DA:6,3
DA:7,6
DA:9,3
DA:11,3
DA:12,3
DA:13,3
DA:14,3
DA:16,3
DA:18,3
DA:20,0
DA:21,0
DA:23,0
DA:25,0
DA:28,3
DA:29,0
DA:30,0
DA:31,0
DA:38,3
DA:58,3
LF:23
LH:16
BRDA:16,0,0,0
BRDA:16,0,1,3
BRDA:20,1,0,0
BRDA:20,1,1,0
BRDA:32,2,0,0
BRDA:32,2,1,0
BRF:6
BRH:1
end_of_record
TN:
SF:src/components/Home/Home.tsx
FN:4,(anonymous_1)
FNF:1
FNH:1
FNDA:4,(anonymous_1)
DA:1,2
DA:2,2
DA:4,2
DA:5,4
DA:13,2
LF:5
LH:5
BRF:0
BRH:0
end_of_record
TN:
SF:src/components/Page404/Page404.tsx
FN:3,Page404
FNF:1
FNH:1
FNDA:1,Page404
DA:1,1
DA:4,1
DA:11,1
LF:3
LH:3
BRF:0
BRH:0
end_of_record
TN:
SF:src/components/Pagination/Pagination.tsx
FN:6,Pagination
FN:16,(anonymous_2)
FN:26,(anonymous_3)
FN:45,(anonymous_4)
FN:58,(anonymous_5)
FN:67,(anonymous_6)
FNF:6
FNH:1
FNDA:4,Pagination
FNDA:0,(anonymous_2)
FNDA:0,(anonymous_3)
FNDA:0,(anonymous_4)
FNDA:0,(anonymous_5)
FNDA:0,(anonymous_6)
DA:2,3
DA:3,3
DA:4,3
DA:7,4
DA:9,4
DA:11,4
DA:12,4
DA:13,4
DA:14,4
DA:16,4
DA:18,0
DA:19,0
DA:21,0
DA:23,0
DA:26,4
DA:27,0
DA:28,0
DA:29,0
DA:30,0
DA:36,0
DA:37,0
DA:45,4
DA:46,0
DA:47,0
DA:48,0
DA:55,4
DA:59,0
DA:68,0
DA:76,3
LF:29
LH:14
BRDA:18,0,0,0
BRDA:18,0,1,0
BRDA:27,1,0,0
BRDA:27,1,1,0
BRDA:29,2,0,0
BRDA:29,2,1,0
BRDA:32,3,0,0
BRDA:32,3,1,0
BRDA:33,4,0,0
BRDA:33,4,1,0
BRDA:38,5,0,0
BRDA:38,5,1,0
BRDA:40,6,0,0
BRDA:40,6,1,0
BRDA:49,7,0,0
BRDA:49,7,1,0
BRDA:51,8,0,0
BRDA:51,8,1,0
BRF:18
BRH:0
end_of_record
TN:
SF:src/components/Search/Search.tsx
FN:8,Header
FN:12,(anonymous_2)
FN:28,(anonymous_3)
FN:37,(anonymous_4)
FN:50,(anonymous_5)
FN:60,(anonymous_6)
FN:68,(anonymous_7)
FNF:7
FNH:3
FNDA:6,Header
FNDA:3,(anonymous_2)
FNDA:6,(anonymous_3)
FNDA:0,(anonymous_4)
FNDA:0,(anonymous_5)
FNDA:0,(anonymous_6)
FNDA:0,(anonymous_7)
DA:1,3
DA:2,3
DA:3,3
DA:4,3
DA:5,3
DA:6,3
DA:9,6
DA:12,3
DA:13,3
DA:21,3
DA:23,3
DA:24,3
DA:25,3
DA:26,3
DA:28,3
DA:29,6
DA:30,6
DA:33,3
DA:37,3
DA:38,0
DA:39,0
DA:40,0
DA:47,3
DA:51,0
DA:61,0
DA:69,0
DA:80,3
LF:27
LH:21
BRDA:30,0,0,0
BRDA:30,0,1,6
BRDA:34,1,0,0
BRDA:34,1,1,3
BRDA:41,2,0,0
BRDA:41,2,1,0
BRDA:42,3,0,0
BRDA:42,3,1,0
BRF:8
BRH:2
end_of_record
