TN:
SF:src/context.tsx
FN:34,(anonymous_0)
FN:36,(anonymous_1)
FN:38,(anonymous_2)
FN:40,(anonymous_3)
FN:43,(anonymous_4)
FN:46,(anonymous_5)
FN:50,(anonymous_6)
FN:54,(anonymous_7)
FN:78,(anonymous_8)
FNF:9
FNH:1
FNDA:0,(anonymous_0)
FNDA:0,(anonymous_1)
FNDA:0,(anonymous_2)
FNDA:0,(anonymous_3)
FNDA:0,(anonymous_4)
FNDA:0,(anonymous_5)
FNDA:0,(anonymous_6)
FNDA:0,(anonymous_7)
FNDA:9,(anonymous_8)
DA:2,3
DA:3,3
DA:17,3
DA:25,3
DA:32,3
DA:34,0
DA:43,3
DA:46,0
DA:47,0
DA:48,0
DA:50,0
DA:51,0
DA:52,0
DA:54,0
DA:55,0
DA:56,0
DA:58,0
DA:60,0
DA:78,3
DA:79,9
DA:80,7
DA:81,0
DA:83,7
LF:23
LH:10
BRDA:48,0,0,0
BRDA:48,0,1,0
BRDA:80,1,0,0
BRF:3
BRH:0
end_of_record
TN:
SF:src/components/ApiHelper/ApiHelper.tsx
FN:1,(anonymous_0)
FNF:1
FNH:0
FNDA:0,(anonymous_0)
DA:1,1
DA:7,0
DA:8,0
DA:9,0
DA:11,0
DA:13,0
DA:14,0
DA:15,0
DA:17,0
LF:9
LH:1
BRDA:7,0,0,0
BRDA:7,0,1,0
BRDA:14,1,0,0
BRF:3
BRH:0
end_of_record
TN:
SF:src/components/Card/Card.tsx
FN:4,Card
FNF:1
FNH:1
FNDA:8,Card
DA:1,2
DA:5,8
DA:6,8
DA:22,2
LF:4
LH:4
BRF:0
BRH:0
end_of_record
TN:
SF:src/components/CardList/CardList.tsx
FN:9,Catalog
FN:22,(anonymous_2)
FN:25,fetchAllData
FN:47,(anonymous_4)
FN:60,(anonymous_5)
FNF:5
FNH:5
FNDA:2,Catalog
FNDA:1,(anonymous_2)
FNDA:1,fetchAllData
FNDA:1,(anonymous_4)
FNDA:7,(anonymous_5)
DA:1,1
DA:2,1
DA:3,1
DA:5,1
DA:6,1
DA:7,1
DA:10,2
DA:11,2
DA:13,2
DA:15,2
DA:16,2
DA:19,2
DA:20,2
DA:22,2
DA:23,1
DA:26,1
DA:27,1
DA:28,1
DA:29,1
DA:34,1
DA:35,1
DA:36,1
DA:37,1
DA:40,0
DA:41,0
DA:45,1
DA:47,1
DA:48,1
DA:52,2
DA:53,1
DA:55,1
DA:56,0
DA:58,1
DA:61,7
DA:75,1
LF:35
LH:32
BRDA:16,0,0,0
BRDA:16,0,1,2
BRDA:31,1,0,0
BRDA:31,1,1,1
BRDA:32,2,0,0
BRDA:32,2,1,1
BRDA:35,3,0,1
BRDA:52,4,0,1
BRDA:55,5,0,0
BRDA:55,5,1,1
BRDA:63,6,0,0
BRDA:63,6,1,7
BRDA:64,7,0,0
BRDA:64,7,1,7
BRDA:65,8,0,0
BRDA:65,8,1,7
BRF:16
BRH:9
end_of_record
TN:
SF:src/components/ChooseLimit/ChooseLimit.tsx
FN:6,(anonymous_1)
FN:18,(anonymous_2)
FN:28,(anonymous_3)
FNF:3
FNH:1
FNDA:2,(anonymous_1)
FNDA:0,(anonymous_2)
FNDA:0,(anonymous_3)
DA:1,1
DA:2,1
DA:3,1
DA:4,1
DA:6,1
DA:7,2
DA:9,1
DA:11,1
DA:12,1
DA:13,1
DA:14,1
DA:16,1
DA:18,1
DA:20,0
DA:21,0
DA:23,0
DA:25,0
DA:28,1
DA:29,0
DA:30,0
DA:31,0
DA:38,1
DA:58,1
LF:23
LH:16
BRDA:16,0,0,0
BRDA:16,0,1,1
BRDA:20,1,0,0
BRDA:20,1,1,0
BRDA:32,2,0,0
BRDA:32,2,1,0
BRF:6
BRH:1
end_of_record
TN:
SF:src/components/Page404/Page404.tsx
FN:3,Page404
FNF:1
FNH:1
FNDA:1,Page404
DA:1,1
DA:4,1
DA:11,1
LF:3
LH:3
BRF:0
BRH:0
end_of_record
TN:
SF:src/components/Pagination/Pagination.tsx
FN:6,Pagination
FN:16,(anonymous_2)
FN:26,(anonymous_3)
FN:45,(anonymous_4)
FN:58,(anonymous_5)
FN:66,(anonymous_6)
FNF:6
FNH:1
FNDA:1,Pagination
FNDA:0,(anonymous_2)
FNDA:0,(anonymous_3)
FNDA:0,(anonymous_4)
FNDA:0,(anonymous_5)
FNDA:0,(anonymous_6)
DA:2,1
DA:3,1
DA:4,1
DA:7,1
DA:9,1
DA:11,1
DA:12,1
DA:13,1
DA:14,1
DA:16,1
DA:18,0
DA:19,0
DA:21,0
DA:23,0
DA:26,1
DA:27,0
DA:28,0
DA:29,0
DA:30,0
DA:36,0
DA:37,0
DA:45,1
DA:46,0
DA:47,0
DA:48,0
DA:55,1
DA:59,0
DA:67,0
DA:75,1
LF:29
LH:14
BRDA:18,0,0,0
BRDA:18,0,1,0
BRDA:27,1,0,0
BRDA:27,1,1,0
BRDA:29,2,0,0
BRDA:29,2,1,0
BRDA:32,3,0,0
BRDA:32,3,1,0
BRDA:33,4,0,0
BRDA:33,4,1,0
BRDA:38,5,0,0
BRDA:38,5,1,0
BRDA:40,6,0,0
BRDA:40,6,1,0
BRDA:49,7,0,0
BRDA:49,7,1,0
BRDA:51,8,0,0
BRDA:51,8,1,0
BRF:18
BRH:0
end_of_record
TN:
SF:src/components/Search/Search.tsx
FN:8,Header
FN:12,(anonymous_2)
FN:28,(anonymous_3)
FN:37,(anonymous_4)
FN:50,(anonymous_5)
FN:60,(anonymous_6)
FN:68,(anonymous_7)
FNF:7
FNH:3
FNDA:2,Header
FNDA:1,(anonymous_2)
FNDA:2,(anonymous_3)
FNDA:0,(anonymous_4)
FNDA:0,(anonymous_5)
FNDA:0,(anonymous_6)
FNDA:0,(anonymous_7)
DA:1,1
DA:2,1
DA:3,1
DA:4,1
DA:5,1
DA:6,1
DA:9,2
DA:12,1
DA:13,1
DA:21,1
DA:23,1
DA:24,1
DA:25,1
DA:26,1
DA:28,1
DA:29,2
DA:30,2
DA:33,1
DA:37,1
DA:38,0
DA:39,0
DA:40,0
DA:47,1
DA:51,0
DA:61,0
DA:69,0
DA:80,1
LF:27
LH:21
BRDA:30,0,0,0
BRDA:30,0,1,2
BRDA:34,1,0,0
BRDA:34,1,1,1
BRDA:41,2,0,0
BRDA:41,2,1,0
BRDA:42,3,0,0
BRDA:42,3,1,0
BRF:8
BRH:2
end_of_record
